# JRE version: OpenJDK Runtime Environment (7.0_101) (build 1.7.0_101-b00)
# Java VM: OpenJDK Server VM (24.95-b01 mixed mode linux-x86 )
Heap
 PSYoungGen      total 71680K, used 8945K [0x9dd80000, 0xa2d00000, 0xb3300000)
  eden space 62720K, 0% used [0x9dd80000,0x9dd80000,0xa1ac0000)
  from space 8960K, 99% used [0xa1ac0000,0xa237c670,0xa2380000)
  to   space 8192K, 0% used [0xa2380000,0xa2380000,0xa2b80000)
 ParOldGen       total 41984K, used 19573K [0x73300000, 0x75c00000, 0x9dd80000)
  object space 41984K, 46% used [0x73300000,0x7461d488,0x75c00000)
 PSPermGen       total 16384K, used 4292K [0x6b300000, 0x6c300000, 0x73300000)
  object space 16384K, 26% used [0x6b300000,0x6b7311b0,0x6c300000)
GC Heap History (10 events):
Event: 2.820 GC heap after
Heap after GC invocations=2 (full 0):
 PSYoungGen      total 18432K, used 2555K [0x9dd80000, 0xa0180000, 0xb3300000)
  eden space 15872K, 0% used [0x9dd80000,0x9dd80000,0x9ed00000)
  from space 2560K, 99% used [0x9ef80000,0x9f1fef18,0x9f200000)
  to   space 2560K, 0% used [0x9ed00000,0x9ed00000,0x9ef80000)
 ParOldGen       total 41984K, used 2247K [0x73300000, 0x75c00000, 0x9dd80000)
  object space 41984K, 5% used [0x73300000,0x73531d50,0x75c00000)
 PSPermGen       total 16384K, used 4176K [0x6b300000, 0x6c300000, 0x73300000)
  object space 16384K, 25% used [0x6b300000,0x6b714368,0x6c300000)
}
Event: 4.671 GC heap before
{Heap before GC invocations=3 (full 0):
 PSYoungGen      total 18432K, used 18427K [0x9dd80000, 0xa0180000, 0xb3300000)
  eden space 15872K, 100% used [0x9dd80000,0x9ed00000,0x9ed00000)
  from space 2560K, 99% used [0x9ef80000,0x9f1fef18,0x9f200000)
  to   space 2560K, 0% used [0x9ed00000,0x9ed00000,0x9ef80000)
 ParOldGen       total 41984K, used 2247K [0x73300000, 0x75c00000, 0x9dd80000)
  object space 41984K, 5% used [0x73300000,0x73531d50,0x75c00000)
 PSPermGen       total 16384K, used 4206K [0x6b300000, 0x6c300000, 0x73300000)
  object space 16384K, 25% used [0x6b300000,0x6b71bbb8,0x6c300000)
Event: 4.699 GC heap after
Heap after GC invocations=3 (full 0):
 PSYoungGen      total 18432K, used 2550K [0x9dd80000, 0xa0180000, 0xb3300000)
  eden space 15872K, 0% used [0x9dd80000,0x9dd80000,0x9ed00000)
  from space 2560K, 99% used [0x9ed00000,0x9ef7d9c8,0x9ef80000)
  to   space 2560K, 0% used [0x9ff00000,0x9ff00000,0xa0180000)
 ParOldGen       total 41984K, used 4458K [0x73300000, 0x75c00000, 0x9dd80000)
  object space 41984K, 10% used [0x73300000,0x7375aae0,0x75c00000)
 PSPermGen       total 16384K, used 4206K [0x6b300000, 0x6c300000, 0x73300000)
  object space 16384K, 25% used [0x6b300000,0x6b71bbb8,0x6c300000)
}
Event: 5.712 GC heap before
{Heap before GC invocations=4 (full 0):
 PSYoungGen      total 18432K, used 18422K [0x9dd80000, 0xa0180000, 0xb3300000)
  eden space 15872K, 100% used [0x9dd80000,0x9ed00000,0x9ed00000)
  from space 2560K, 99% used [0x9ed00000,0x9ef7d9c8,0x9ef80000)
  to   space 2560K, 0% used [0x9ff00000,0x9ff00000,0xa0180000)
 ParOldGen       total 41984K, used 4458K [0x73300000, 0x75c00000, 0x9dd80000)
  object space 41984K, 10% used [0x73300000,0x7375aae0,0x75c00000)
 PSPermGen       total 16384K, used 4231K [0x6b300000, 0x6c300000, 0x73300000)
  object space 16384K, 25% used [0x6b300000,0x6b721de0,0x6c300000)
Event: 5.780 GC heap after
Heap after GC invocations=4 (full 0):
 PSYoungGen      total 34304K, used 2557K [0x9dd80000, 0xa0180000, 0xb3300000)
  eden space 31744K, 0% used [0x9dd80000,0x9dd80000,0x9fc80000)
  from space 2560K, 99% used [0x9ff00000,0xa017f690,0xa0180000)
  to   space 2560K, 0% used [0x9fc80000,0x9fc80000,0x9ff00000)
 ParOldGen       total 41984K, used 7453K [0x73300000, 0x75c00000, 0x9dd80000)
  object space 41984K, 17% used [0x73300000,0x73a47758,0x75c00000)
 PSPermGen       total 16384K, used 4231K [0x6b300000, 0x6c300000, 0x73300000)
  object space 16384K, 25% used [0x6b300000,0x6b721de0,0x6c300000)
}
Event: 7.573 GC heap before
{Heap before GC invocations=5 (full 0):
 PSYoungGen      total 34304K, used 34301K [0x9dd80000, 0xa0180000, 0xb3300000)
  eden space 31744K, 100% used [0x9dd80000,0x9fc80000,0x9fc80000)
  from space 2560K, 99% used [0x9ff00000,0xa017f690,0xa0180000)
  to   space 2560K, 0% used [0x9fc80000,0x9fc80000,0x9ff00000)
 ParOldGen       total 41984K, used 7453K [0x73300000, 0x75c00000, 0x9dd80000)
  object space 41984K, 17% used [0x73300000,0x73a47758,0x75c00000)
 PSPermGen       total 16384K, used 4253K [0x6b300000, 0x6c300000, 0x73300000)
  object space 16384K, 25% used [0x6b300000,0x6b7276b8,0x6c300000)
Event: 7.688 GC heap after
Heap after GC invocations=5 (full 0):
 PSYoungGen      total 34304K, used 2546K [0x9dd80000, 0xa2b80000, 0xb3300000)
  eden space 31744K, 0% used [0x9dd80000,0x9dd80000,0x9fc80000)
  from space 2560K, 99% used [0x9fc80000,0x9fefcba8,0x9ff00000)
  to   space 8192K, 0% used [0xa2380000,0xa2380000,0xa2b80000)
 ParOldGen       total 41984K, used 12484K [0x73300000, 0x75c00000, 0x9dd80000)
  object space 41984K, 29% used [0x73300000,0x73f31348,0x75c00000)
 PSPermGen       total 16384K, used 4253K [0x6b300000, 0x6c300000, 0x73300000)
  object space 16384K, 25% used [0x6b300000,0x6b7276b8,0x6c300000)
}
Event: 9.927 GC heap before
{Heap before GC invocations=6 (full 0):
 PSYoungGen      total 34304K, used 34290K [0x9dd80000, 0xa2b80000, 0xb3300000)
  eden space 31744K, 100% used [0x9dd80000,0x9fc80000,0x9fc80000)
  from space 2560K, 99% used [0x9fc80000,0x9fefcba8,0x9ff00000)
  to   space 8192K, 0% used [0xa2380000,0xa2380000,0xa2b80000)
 ParOldGen       total 41984K, used 12484K [0x73300000, 0x75c00000, 0x9dd80000)
  object space 41984K, 29% used [0x73300000,0x73f31348,0x75c00000)
 PSPermGen       total 16384K, used 4268K [0x6b300000, 0x6c300000, 0x73300000)
  object space 16384K, 26% used [0x6b300000,0x6b72b170,0x6c300000)
Event: 10.214 GC heap after
Heap after GC invocations=6 (full 0):
 PSYoungGen      total 70912K, used 7510K [0x9dd80000, 0xa2d00000, 0xb3300000)
  eden space 62720K, 0% used [0x9dd80000,0x9dd80000,0xa1ac0000)
  from space 8192K, 91% used [0xa2380000,0xa2ad5b08,0xa2b80000)
  to   space 8960K, 0% used [0xa1ac0000,0xa1ac0000,0xa2380000)
 ParOldGen       total 41984K, used 12484K [0x73300000, 0x75c00000, 0x9dd80000)
  object space 41984K, 29% used [0x73300000,0x73f31348,0x75c00000)
 PSPermGen       total 16384K, used 4268K [0x6b300000, 0x6c300000, 0x73300000)
  object space 16384K, 26% used [0x6b300000,0x6b72b170,0x6c300000)
}
Event: 23.583 GC heap before
{Heap before GC invocations=7 (full 0):
 PSYoungGen      total 70912K, used 70230K [0x9dd80000, 0xa2d00000, 0xb3300000)
  eden space 62720K, 100% used [0x9dd80000,0xa1ac0000,0xa1ac0000)
  from space 8192K, 91% used [0xa2380000,0xa2ad5b08,0xa2b80000)
  to   space 8960K, 0% used [0xa1ac0000,0xa1ac0000,0xa2380000)
 ParOldGen       total 41984K, used 12484K [0x73300000, 0x75c00000, 0x9dd80000)
  object space 41984K, 29% used [0x73300000,0x73f31348,0x75c00000)
 PSPermGen       total 16384K, used 4292K [0x6b300000, 0x6c300000, 0x73300000)
  object space 16384K, 26% used [0x6b300000,0x6b7311b0,0x6c300000)

